[0.523s] Invoking command in '/home/roxyy/tcp-ros2-sensor/src/sensor_node': PYTHONPATH=/home/roxyy/tcp-ros2-sensor/build/sensor_node/prefix_override:/usr/lib/python3/dist-packages/colcon_core/task/python/colcon_distutils_commands:/home/roxyy/tcp-ros2-sensor/install/sensor_node/lib/python3.10/site-packages:${PYTHONPATH} /usr/bin/python3 -W ignore:setup.py install is deprecated -W ignore:easy_install command is deprecated setup.py egg_info --egg-base ../../build/sensor_node build --build-base /home/roxyy/tcp-ros2-sensor/build/sensor_node/build install --record /home/roxyy/tcp-ros2-sensor/build/sensor_node/install.log --single-version-externally-managed install_data
[0.691s] running egg_info
[0.692s] writing ../../build/sensor_node/sensor_node.egg-info/PKG-INFO
[0.692s] writing dependency_links to ../../build/sensor_node/sensor_node.egg-info/dependency_links.txt
[0.692s] writing entry points to ../../build/sensor_node/sensor_node.egg-info/entry_points.txt
[0.692s] writing requirements to ../../build/sensor_node/sensor_node.egg-info/requires.txt
[0.692s] writing top-level names to ../../build/sensor_node/sensor_node.egg-info/top_level.txt
[0.693s] reading manifest file '../../build/sensor_node/sensor_node.egg-info/SOURCES.txt'
[0.702s] writing manifest file '../../build/sensor_node/sensor_node.egg-info/SOURCES.txt'
[0.702s] running build
[0.702s] running build_py
[0.702s] copying sensor_node/sensor_node.py -> /home/roxyy/tcp-ros2-sensor/build/sensor_node/build/lib/sensor_node
[0.702s] running install
[0.702s] running install_lib
[0.703s] copying /home/roxyy/tcp-ros2-sensor/build/sensor_node/build/lib/sensor_node/sensor_node.py -> /home/roxyy/tcp-ros2-sensor/install/sensor_node/lib/python3.10/site-packages/sensor_node
[0.703s] byte-compiling /home/roxyy/tcp-ros2-sensor/install/sensor_node/lib/python3.10/site-packages/sensor_node/sensor_node.py to sensor_node.cpython-310.pyc
[0.704s] running install_data
[0.704s] running install_egg_info
[0.706s] removing '/home/roxyy/tcp-ros2-sensor/install/sensor_node/lib/python3.10/site-packages/sensor_node-0.0.0-py3.10.egg-info' (and everything under it)
[0.706s] Copying ../../build/sensor_node/sensor_node.egg-info to /home/roxyy/tcp-ros2-sensor/install/sensor_node/lib/python3.10/site-packages/sensor_node-0.0.0-py3.10.egg-info
[0.707s] running install_scripts
[0.721s] Installing sensor_node script to /home/roxyy/tcp-ros2-sensor/install/sensor_node/lib/sensor_node
[0.721s] writing list of installed files to '/home/roxyy/tcp-ros2-sensor/build/sensor_node/install.log'
[0.741s] Invoked command in '/home/roxyy/tcp-ros2-sensor/src/sensor_node' returned '0': PYTHONPATH=/home/roxyy/tcp-ros2-sensor/build/sensor_node/prefix_override:/usr/lib/python3/dist-packages/colcon_core/task/python/colcon_distutils_commands:/home/roxyy/tcp-ros2-sensor/install/sensor_node/lib/python3.10/site-packages:${PYTHONPATH} /usr/bin/python3 -W ignore:setup.py install is deprecated -W ignore:easy_install command is deprecated setup.py egg_info --egg-base ../../build/sensor_node build --build-base /home/roxyy/tcp-ros2-sensor/build/sensor_node/build install --record /home/roxyy/tcp-ros2-sensor/build/sensor_node/install.log --single-version-externally-managed install_data
