[0.147s] DEBUG:colcon:Command line arguments: ['/usr/bin/colcon', 'build', '--packages-select', 'sensor_node']
[0.147s] DEBUG:colcon:Parsed command line arguments: Namespace(log_base=None, log_level=None, verb_name='build', build_base='build', install_base='install', merge_install=False, symlink_install=False, test_result_base=None, continue_on_error=False, executor='parallel', parallel_workers=8, event_handlers=None, ignore_user_meta=False, metas=['./colcon.meta'], base_paths=['.'], packages_ignore=None, packages_ignore_regex=None, paths=None, packages_up_to=None, packages_up_to_regex=None, packages_above=None, packages_above_and_dependencies=None, packages_above_depth=None, packages_select_by_dep=None, packages_skip_by_dep=None, packages_skip_up_to=None, packages_select_build_failed=False, packages_skip_build_finished=False, packages_select_test_failures=False, packages_skip_test_passed=False, packages_select=['sensor_node'], packages_skip=None, packages_select_regex=None, packages_skip_regex=None, packages_start=None, packages_end=None, allow_overriding=[], cmake_args=None, cmake_target=None, cmake_target_skip_unavailable=False, cmake_clean_cache=False, cmake_clean_first=False, cmake_force_configure=False, ament_cmake_args=None, catkin_cmake_args=None, catkin_skip_building_tests=False, mixin_files=None, mixin=None, verb_parser=<colcon_mixin.mixin.mixin_argument.MixinArgumentDecorator object at 0x7200997ee260>, verb_extension=<colcon_core.verb.build.BuildVerb object at 0x72009996aef0>, main=<bound method BuildVerb.main of <colcon_core.verb.build.BuildVerb object at 0x72009996aef0>>, mixin_verb=('build',))
[0.337s] Level 1:colcon.colcon_core.package_discovery:discover_packages(colcon_meta) check parameters
[0.338s] Level 1:colcon.colcon_core.package_discovery:discover_packages(recursive) check parameters
[0.338s] Level 1:colcon.colcon_core.package_discovery:discover_packages(ignore) check parameters
[0.338s] Level 1:colcon.colcon_core.package_discovery:discover_packages(path) check parameters
[0.338s] Level 1:colcon.colcon_core.package_discovery:discover_packages(colcon_meta) discover
[0.338s] Level 1:colcon.colcon_core.package_discovery:discover_packages(recursive) discover
[0.338s] INFO:colcon.colcon_core.package_discovery:Crawling recursively for packages in '/home/roxyy/tcp-ros2-sensor'
[0.338s] Level 1:colcon.colcon_core.package_identification:_identify(.) by extensions ['ignore', 'ignore_ament_install']
[0.338s] Level 1:colcon.colcon_core.package_identification:_identify(.) by extension 'ignore'
[0.338s] Level 1:colcon.colcon_core.package_identification:_identify(.) by extension 'ignore_ament_install'
[0.338s] Level 1:colcon.colcon_core.package_identification:_identify(.) by extensions ['colcon_pkg']
[0.338s] Level 1:colcon.colcon_core.package_identification:_identify(.) by extension 'colcon_pkg'
[0.338s] Level 1:colcon.colcon_core.package_identification:_identify(.) by extensions ['colcon_meta']
[0.338s] Level 1:colcon.colcon_core.package_identification:_identify(.) by extension 'colcon_meta'
[0.338s] Level 1:colcon.colcon_core.package_identification:_identify(.) by extensions ['ros']
[0.338s] Level 1:colcon.colcon_core.package_identification:_identify(.) by extension 'ros'
[0.348s] Level 1:colcon.colcon_core.package_identification:_identify(.) by extensions ['cmake', 'python']
[0.348s] Level 1:colcon.colcon_core.package_identification:_identify(.) by extension 'cmake'
[0.348s] Level 1:colcon.colcon_core.package_identification:_identify(.) by extension 'python'
[0.348s] Level 1:colcon.colcon_core.package_identification:_identify(.) by extensions ['python_setup_py']
[0.348s] Level 1:colcon.colcon_core.package_identification:_identify(.) by extension 'python_setup_py'
[0.348s] Level 1:colcon.colcon_core.package_identification:_identify(build) by extensions ['ignore', 'ignore_ament_install']
[0.348s] Level 1:colcon.colcon_core.package_identification:_identify(build) by extension 'ignore'
[0.348s] Level 1:colcon.colcon_core.package_identification:_identify(build) ignored
[0.348s] Level 1:colcon.colcon_core.package_identification:_identify(install) by extensions ['ignore', 'ignore_ament_install']
[0.348s] Level 1:colcon.colcon_core.package_identification:_identify(install) by extension 'ignore'
[0.348s] Level 1:colcon.colcon_core.package_identification:_identify(install) ignored
[0.348s] Level 1:colcon.colcon_core.package_identification:_identify(log) by extensions ['ignore', 'ignore_ament_install']
[0.348s] Level 1:colcon.colcon_core.package_identification:_identify(log) by extension 'ignore'
[0.348s] Level 1:colcon.colcon_core.package_identification:_identify(log) ignored
[0.348s] Level 1:colcon.colcon_core.package_identification:_identify(src) by extensions ['ignore', 'ignore_ament_install']
[0.348s] Level 1:colcon.colcon_core.package_identification:_identify(src) by extension 'ignore'
[0.348s] Level 1:colcon.colcon_core.package_identification:_identify(src) by extension 'ignore_ament_install'
[0.348s] Level 1:colcon.colcon_core.package_identification:_identify(src) by extensions ['colcon_pkg']
[0.348s] Level 1:colcon.colcon_core.package_identification:_identify(src) by extension 'colcon_pkg'
[0.348s] Level 1:colcon.colcon_core.package_identification:_identify(src) by extensions ['colcon_meta']
[0.349s] Level 1:colcon.colcon_core.package_identification:_identify(src) by extension 'colcon_meta'
[0.349s] Level 1:colcon.colcon_core.package_identification:_identify(src) by extensions ['ros']
[0.349s] Level 1:colcon.colcon_core.package_identification:_identify(src) by extension 'ros'
[0.349s] Level 1:colcon.colcon_core.package_identification:_identify(src) by extensions ['cmake', 'python']
[0.349s] Level 1:colcon.colcon_core.package_identification:_identify(src) by extension 'cmake'
[0.349s] Level 1:colcon.colcon_core.package_identification:_identify(src) by extension 'python'
[0.349s] Level 1:colcon.colcon_core.package_identification:_identify(src) by extensions ['python_setup_py']
[0.349s] Level 1:colcon.colcon_core.package_identification:_identify(src) by extension 'python_setup_py'
[0.349s] Level 1:colcon.colcon_core.package_identification:_identify(src/sensor_node) by extensions ['ignore', 'ignore_ament_install']
[0.349s] Level 1:colcon.colcon_core.package_identification:_identify(src/sensor_node) by extension 'ignore'
[0.349s] Level 1:colcon.colcon_core.package_identification:_identify(src/sensor_node) by extension 'ignore_ament_install'
[0.349s] Level 1:colcon.colcon_core.package_identification:_identify(src/sensor_node) by extensions ['colcon_pkg']
[0.349s] Level 1:colcon.colcon_core.package_identification:_identify(src/sensor_node) by extension 'colcon_pkg'
[0.349s] Level 1:colcon.colcon_core.package_identification:_identify(src/sensor_node) by extensions ['colcon_meta']
[0.349s] Level 1:colcon.colcon_core.package_identification:_identify(src/sensor_node) by extension 'colcon_meta'
[0.349s] Level 1:colcon.colcon_core.package_identification:_identify(src/sensor_node) by extensions ['ros']
[0.349s] Level 1:colcon.colcon_core.package_identification:_identify(src/sensor_node) by extension 'ros'
[0.351s] DEBUG:colcon.colcon_core.package_identification:Package 'src/sensor_node' with type 'ros.ament_python' and name 'sensor_node'
[0.351s] Level 1:colcon.colcon_core.package_discovery:discover_packages(recursive) using defaults
[0.351s] Level 1:colcon.colcon_core.package_discovery:discover_packages(ignore) discover
[0.351s] Level 1:colcon.colcon_core.package_discovery:discover_packages(ignore) using defaults
[0.351s] Level 1:colcon.colcon_core.package_discovery:discover_packages(path) discover
[0.351s] Level 1:colcon.colcon_core.package_discovery:discover_packages(path) using defaults
[0.378s] Level 1:colcon.colcon_core.package_discovery:discover_packages(prefix_path) check parameters
[0.378s] Level 1:colcon.colcon_core.package_discovery:discover_packages(prefix_path) discover
[0.380s] DEBUG:colcon.colcon_installed_package_information.package_discovery:Found 1 installed packages in /home/roxyy/autonomos/install
[0.380s] DEBUG:colcon.colcon_installed_package_information.package_discovery:Found 1 installed packages in /home/roxyy/amr_ws/install
[0.381s] DEBUG:colcon.colcon_installed_package_information.package_discovery:Found 409 installed packages in /opt/ros/humble
[0.383s] Level 1:colcon.colcon_core.package_discovery:discover_packages(prefix_path) using defaults
[0.414s] Level 5:colcon.colcon_core.verb:set package 'sensor_node' build argument 'cmake_args' from command line to 'None'
[0.414s] Level 5:colcon.colcon_core.verb:set package 'sensor_node' build argument 'cmake_target' from command line to 'None'
[0.414s] Level 5:colcon.colcon_core.verb:set package 'sensor_node' build argument 'cmake_target_skip_unavailable' from command line to 'False'
[0.414s] Level 5:colcon.colcon_core.verb:set package 'sensor_node' build argument 'cmake_clean_cache' from command line to 'False'
[0.414s] Level 5:colcon.colcon_core.verb:set package 'sensor_node' build argument 'cmake_clean_first' from command line to 'False'
[0.414s] Level 5:colcon.colcon_core.verb:set package 'sensor_node' build argument 'cmake_force_configure' from command line to 'False'
[0.414s] Level 5:colcon.colcon_core.verb:set package 'sensor_node' build argument 'ament_cmake_args' from command line to 'None'
[0.414s] Level 5:colcon.colcon_core.verb:set package 'sensor_node' build argument 'catkin_cmake_args' from command line to 'None'
[0.414s] Level 5:colcon.colcon_core.verb:set package 'sensor_node' build argument 'catkin_skip_building_tests' from command line to 'False'
[0.414s] DEBUG:colcon.colcon_core.verb:Building package 'sensor_node' with the following arguments: {'ament_cmake_args': None, 'build_base': '/home/roxyy/tcp-ros2-sensor/build/sensor_node', 'catkin_cmake_args': None, 'catkin_skip_building_tests': False, 'cmake_args': None, 'cmake_clean_cache': False, 'cmake_clean_first': False, 'cmake_force_configure': False, 'cmake_target': None, 'cmake_target_skip_unavailable': False, 'install_base': '/home/roxyy/tcp-ros2-sensor/install/sensor_node', 'merge_install': False, 'path': '/home/roxyy/tcp-ros2-sensor/src/sensor_node', 'symlink_install': False, 'test_result_base': None}
[0.414s] INFO:colcon.colcon_core.executor:Executing jobs using 'parallel' executor
[0.416s] DEBUG:colcon.colcon_parallel_executor.executor.parallel:run_until_complete
[0.416s] INFO:colcon.colcon_ros.task.ament_python.build:Building ROS package in '/home/roxyy/tcp-ros2-sensor/src/sensor_node' with build type 'ament_python'
[0.416s] Level 1:colcon.colcon_core.shell:create_environment_hook('sensor_node', 'ament_prefix_path')
[0.418s] INFO:colcon.colcon_core.plugin_system:Skipping extension 'colcon_core.shell.bat': Not used on non-Windows systems
[0.418s] INFO:colcon.colcon_core.shell:Creating environment hook '/home/roxyy/tcp-ros2-sensor/install/sensor_node/share/sensor_node/hook/ament_prefix_path.ps1'
[0.419s] INFO:colcon.colcon_core.shell:Creating environment descriptor '/home/roxyy/tcp-ros2-sensor/install/sensor_node/share/sensor_node/hook/ament_prefix_path.dsv'
[0.419s] INFO:colcon.colcon_core.shell:Creating environment hook '/home/roxyy/tcp-ros2-sensor/install/sensor_node/share/sensor_node/hook/ament_prefix_path.sh'
[0.420s] INFO:colcon.colcon_core.shell:Skip shell extension 'powershell' for command environment: Not usable outside of PowerShell
[0.420s] DEBUG:colcon.colcon_core.shell:Skip shell extension 'dsv' for command environment
[0.615s] INFO:colcon.colcon_core.task.python.build:Building Python package in '/home/roxyy/tcp-ros2-sensor/src/sensor_node'
[0.615s] INFO:colcon.colcon_core.shell:Skip shell extension 'powershell' for command environment: Not usable outside of PowerShell
[0.615s] DEBUG:colcon.colcon_core.shell:Skip shell extension 'dsv' for command environment
[0.940s] DEBUG:colcon.colcon_core.event_handler.log_command:Invoking command in '/home/roxyy/tcp-ros2-sensor/src/sensor_node': PYTHONPATH=/home/roxyy/tcp-ros2-sensor/build/sensor_node/prefix_override:/usr/lib/python3/dist-packages/colcon_core/task/python/colcon_distutils_commands:/home/roxyy/tcp-ros2-sensor/install/sensor_node/lib/python3.10/site-packages:${PYTHONPATH} /usr/bin/python3 -W ignore:setup.py install is deprecated -W ignore:easy_install command is deprecated setup.py egg_info --egg-base ../../build/sensor_node build --build-base /home/roxyy/tcp-ros2-sensor/build/sensor_node/build install --record /home/roxyy/tcp-ros2-sensor/build/sensor_node/install.log --single-version-externally-managed install_data
[1.157s] DEBUG:colcon.colcon_core.event_handler.log_command:Invoked command in '/home/roxyy/tcp-ros2-sensor/src/sensor_node' returned '0': PYTHONPATH=/home/roxyy/tcp-ros2-sensor/build/sensor_node/prefix_override:/usr/lib/python3/dist-packages/colcon_core/task/python/colcon_distutils_commands:/home/roxyy/tcp-ros2-sensor/install/sensor_node/lib/python3.10/site-packages:${PYTHONPATH} /usr/bin/python3 -W ignore:setup.py install is deprecated -W ignore:easy_install command is deprecated setup.py egg_info --egg-base ../../build/sensor_node build --build-base /home/roxyy/tcp-ros2-sensor/build/sensor_node/build install --record /home/roxyy/tcp-ros2-sensor/build/sensor_node/install.log --single-version-externally-managed install_data
[1.161s] Level 1:colcon.colcon_core.environment:checking '/home/roxyy/tcp-ros2-sensor/install/sensor_node' for CMake module files
[1.161s] Level 1:colcon.colcon_core.environment:checking '/home/roxyy/tcp-ros2-sensor/install/sensor_node' for CMake config files
[1.162s] Level 1:colcon.colcon_core.environment:checking '/home/roxyy/tcp-ros2-sensor/install/sensor_node/lib'
[1.162s] Level 1:colcon.colcon_core.environment:checking '/home/roxyy/tcp-ros2-sensor/install/sensor_node/bin'
[1.162s] Level 1:colcon.colcon_core.environment:checking '/home/roxyy/tcp-ros2-sensor/install/sensor_node/lib/pkgconfig/sensor_node.pc'
[1.162s] Level 1:colcon.colcon_core.environment:checking '/home/roxyy/tcp-ros2-sensor/install/sensor_node/lib/python3.10/site-packages'
[1.162s] Level 1:colcon.colcon_core.shell:create_environment_hook('sensor_node', 'pythonpath')
[1.162s] INFO:colcon.colcon_core.shell:Creating environment hook '/home/roxyy/tcp-ros2-sensor/install/sensor_node/share/sensor_node/hook/pythonpath.ps1'
[1.163s] INFO:colcon.colcon_core.shell:Creating environment descriptor '/home/roxyy/tcp-ros2-sensor/install/sensor_node/share/sensor_node/hook/pythonpath.dsv'
[1.163s] INFO:colcon.colcon_core.shell:Creating environment hook '/home/roxyy/tcp-ros2-sensor/install/sensor_node/share/sensor_node/hook/pythonpath.sh'
[1.164s] Level 1:colcon.colcon_core.environment:checking '/home/roxyy/tcp-ros2-sensor/install/sensor_node/bin'
[1.164s] Level 1:colcon.colcon_core.environment:create_environment_scripts_only(sensor_node)
[1.164s] INFO:colcon.colcon_core.shell:Creating package script '/home/roxyy/tcp-ros2-sensor/install/sensor_node/share/sensor_node/package.ps1'
[1.165s] INFO:colcon.colcon_core.shell:Creating package descriptor '/home/roxyy/tcp-ros2-sensor/install/sensor_node/share/sensor_node/package.dsv'
[1.166s] INFO:colcon.colcon_core.shell:Creating package script '/home/roxyy/tcp-ros2-sensor/install/sensor_node/share/sensor_node/package.sh'
[1.166s] INFO:colcon.colcon_core.shell:Creating package script '/home/roxyy/tcp-ros2-sensor/install/sensor_node/share/sensor_node/package.bash'
[1.167s] INFO:colcon.colcon_core.shell:Creating package script '/home/roxyy/tcp-ros2-sensor/install/sensor_node/share/sensor_node/package.zsh'
[1.168s] Level 1:colcon.colcon_core.environment:create_file_with_runtime_dependencies(/home/roxyy/tcp-ros2-sensor/install/sensor_node/share/colcon-core/packages/sensor_node)
[1.168s] DEBUG:colcon.colcon_parallel_executor.executor.parallel:closing loop
[1.168s] DEBUG:colcon.colcon_parallel_executor.executor.parallel:loop closed
[1.168s] DEBUG:colcon.colcon_parallel_executor.executor.parallel:run_until_complete finished with '0'
[1.168s] DEBUG:colcon.colcon_core.event_reactor:joining thread
[1.175s] INFO:colcon.colcon_core.plugin_system:Skipping extension 'colcon_notification.desktop_notification.terminal_notifier': Not used on non-Darwin systems
[1.175s] INFO:colcon.colcon_core.plugin_system:Skipping extension 'colcon_notification.desktop_notification.win32': Not used on non-Windows systems
[1.175s] INFO:colcon.colcon_notification.desktop_notification:Sending desktop notification using 'notify2'
[1.187s] DEBUG:colcon.colcon_core.event_reactor:joined thread
[1.187s] INFO:colcon.colcon_core.shell:Creating prefix script '/home/roxyy/tcp-ros2-sensor/install/local_setup.ps1'
[1.188s] INFO:colcon.colcon_core.shell:Creating prefix util module '/home/roxyy/tcp-ros2-sensor/install/_local_setup_util_ps1.py'
[1.190s] INFO:colcon.colcon_core.shell:Creating prefix chain script '/home/roxyy/tcp-ros2-sensor/install/setup.ps1'
[1.191s] INFO:colcon.colcon_core.shell:Creating prefix script '/home/roxyy/tcp-ros2-sensor/install/local_setup.sh'
[1.192s] INFO:colcon.colcon_core.shell:Creating prefix util module '/home/roxyy/tcp-ros2-sensor/install/_local_setup_util_sh.py'
[1.192s] INFO:colcon.colcon_core.shell:Creating prefix chain script '/home/roxyy/tcp-ros2-sensor/install/setup.sh'
[1.194s] INFO:colcon.colcon_core.shell:Creating prefix script '/home/roxyy/tcp-ros2-sensor/install/local_setup.bash'
[1.195s] INFO:colcon.colcon_core.shell:Creating prefix chain script '/home/roxyy/tcp-ros2-sensor/install/setup.bash'
[1.196s] INFO:colcon.colcon_core.shell:Creating prefix script '/home/roxyy/tcp-ros2-sensor/install/local_setup.zsh'
[1.196s] INFO:colcon.colcon_core.shell:Creating prefix chain script '/home/roxyy/tcp-ros2-sensor/install/setup.zsh'
